TN:
SF:db.js
FN:29,(anonymous_0)
FN:39,(anonymous_1)
FN:45,(anonymous_2)
FNF:3
FNH:2
FNDA:5,(anonymous_0)
FNDA:0,(anonymous_1)
FNDA:5,(anonymous_2)
DA:2,5
DA:3,5
DA:6,5
DA:10,5
DA:12,1
DA:15,1
DA:18,4
DA:25,4
DA:29,5
DA:30,5
DA:31,1
DA:32,1
DA:34,5
DA:35,5
DA:39,5
DA:40,0
DA:41,0
DA:45,5
DA:46,5
DA:47,5
DA:134,5
DA:136,0
DA:137,0
DA:141,5
DA:143,5
LF:25
LH:21
BRDA:10,0,0,1
BRDA:10,0,1,4
BRDA:19,1,0,4
BRDA:19,1,1,3
BRDA:20,2,0,4
BRDA:20,2,1,3
BRDA:21,3,0,4
BRDA:21,3,1,3
BRDA:23,4,0,4
BRDA:23,4,1,3
BRDA:30,5,0,1
BRDA:30,5,1,4
BRF:12
BRH:12
end_of_record
TN:
SF:controllers\groupController.js
FN:5,(anonymous_0)
FN:17,(anonymous_1)
FN:34,(anonymous_2)
FNF:3
FNH:3
FNDA:2,(anonymous_0)
FNDA:2,(anonymous_1)
FNDA:2,(anonymous_2)
DA:2,2
DA:5,2
DA:6,2
DA:8,2
DA:9,1
DA:11,1
DA:12,1
DA:17,2
DA:18,2
DA:19,2
DA:20,2
DA:26,1
DA:28,1
DA:29,1
DA:34,2
DA:35,2
DA:36,2
DA:43,1
DA:45,1
DA:46,1
DA:50,2
LF:21
LH:21
BRF:0
BRH:0
end_of_record
TN:
SF:controllers\notificationController.js
FN:5,(anonymous_0)
FN:20,(anonymous_1)
FN:177,(anonymous_2)
FN:220,(anonymous_3)
FN:247,(anonymous_4)
FN:276,(anonymous_5)
FN:287,(anonymous_6)
FN:311,(anonymous_7)
FN:345,(anonymous_8)
FN:356,(anonymous_9)
FN:381,(anonymous_10)
FNF:11
FNH:10
FNDA:5,(anonymous_0)
FNDA:4,(anonymous_1)
FNDA:8,(anonymous_2)
FNDA:2,(anonymous_3)
FNDA:7,(anonymous_4)
FNDA:5,(anonymous_5)
FNDA:2,(anonymous_6)
FNDA:7,(anonymous_7)
FNDA:5,(anonymous_8)
FNDA:0,(anonymous_9)
FNDA:10,(anonymous_10)
DA:1,3
DA:2,3
DA:5,3
DA:6,5
DA:8,5
DA:9,5
DA:10,5
DA:13,5
DA:16,5
DA:20,4
DA:22,4
DA:24,2
DA:39,2
DA:40,2
DA:46,2
DA:65,2
DA:66,2
DA:76,2
DA:78,1
DA:87,1
DA:88,1
DA:91,1
DA:104,1
DA:105,1
DA:117,1
DA:133,1
DA:134,1
DA:137,1
DA:159,1
DA:160,1
DA:171,1
DA:172,1
DA:177,3
DA:178,8
DA:179,8
DA:180,8
DA:187,7
DA:188,3
DA:192,4
DA:193,4
DA:195,4
DA:197,1
DA:201,3
DA:205,3
DA:207,2
DA:210,1
DA:212,0
DA:216,1
DA:220,2
DA:222,1
DA:223,0
DA:227,1
DA:233,1
DA:234,1
DA:238,0
DA:239,0
DA:241,1
DA:242,1
DA:247,3
DA:248,7
DA:249,7
DA:251,7
DA:252,1
DA:256,6
DA:257,6
DA:258,1
DA:262,5
DA:265,5
DA:271,4
DA:274,4
DA:276,5
DA:277,2
DA:281,2
DA:282,1
DA:283,1
DA:287,1
DA:288,2
DA:291,1
DA:298,3
DA:301,3
DA:302,3
DA:304,1
DA:305,1
DA:306,1
DA:311,3
DA:312,7
DA:313,7
DA:314,7
DA:317,7
DA:322,6
DA:323,2
DA:327,4
DA:330,4
DA:338,4
DA:340,4
DA:343,4
DA:345,5
DA:346,2
DA:350,2
DA:351,1
DA:352,1
DA:356,0
DA:357,0
DA:360,0
DA:368,2
DA:371,2
DA:372,2
DA:374,2
DA:375,2
DA:376,2
DA:381,3
DA:382,10
DA:383,10
DA:386,10
DA:391,9
DA:392,3
DA:396,6
DA:401,6
DA:402,3
DA:406,3
DA:409,3
DA:410,3
DA:411,3
DA:414,3
DA:417,3
DA:419,3
DA:421,1
DA:422,1
DA:423,1
DA:427,3
LF:130
LH:123
BRDA:8,0,0,5
BRDA:8,0,1,2
BRDA:9,1,0,5
BRDA:9,1,1,2
BRDA:22,2,0,2
BRDA:22,2,1,2
BRDA:37,3,0,2
BRDA:37,3,1,0
BRDA:62,4,0,2
BRDA:62,4,1,0
BRDA:76,5,0,1
BRDA:76,5,1,1
BRDA:187,6,0,3
BRDA:187,6,1,4
BRDA:195,7,0,1
BRDA:195,7,1,3
BRDA:195,8,0,4
BRDA:195,8,1,1
BRDA:205,9,0,2
BRDA:205,9,1,1
BRDA:210,10,0,0
BRDA:210,10,1,1
BRDA:222,11,0,0
BRDA:222,11,1,1
BRDA:233,12,0,1
BRDA:233,12,1,0
BRDA:251,13,0,1
BRDA:251,13,1,6
BRDA:251,14,0,7
BRDA:251,14,1,6
BRDA:251,14,2,6
BRDA:257,15,0,1
BRDA:257,15,1,5
BRDA:274,16,0,2
BRDA:274,16,1,2
BRDA:274,17,0,4
BRDA:274,17,1,4
BRDA:276,18,0,5
BRDA:276,18,1,5
BRDA:281,19,0,1
BRDA:281,19,1,1
BRDA:322,20,0,2
BRDA:322,20,1,4
BRDA:338,21,0,4
BRDA:338,21,1,0
BRDA:343,22,0,2
BRDA:343,22,1,2
BRDA:345,23,0,5
BRDA:345,23,1,5
BRDA:350,24,0,1
BRDA:350,24,1,0
BRDA:391,25,0,3
BRDA:391,25,1,6
BRDA:401,26,0,3
BRDA:401,26,1,3
BRF:55
BRH:48
end_of_record
TN:
SF:controllers\notificationStatusController.js
FN:5,(anonymous_0)
FN:37,(anonymous_1)
FN:74,(anonymous_2)
FN:87,(anonymous_3)
FNF:4
FNH:4
FNDA:3,(anonymous_0)
FNDA:4,(anonymous_1)
FNDA:2,(anonymous_2)
FNDA:2,(anonymous_3)
DA:2,2
DA:5,2
DA:6,3
DA:7,3
DA:10,3
DA:15,2
DA:17,1
DA:23,1
DA:29,2
DA:31,1
DA:32,1
DA:37,2
DA:38,4
DA:39,4
DA:43,4
DA:48,3
DA:49,1
DA:53,2
DA:54,1
DA:58,1
DA:66,1
DA:68,1
DA:69,1
DA:74,2
DA:75,2
DA:76,2
DA:80,1
DA:82,1
DA:87,2
DA:88,2
DA:89,2
DA:97,1
DA:99,1
DA:103,2
LF:34
LH:34
BRDA:15,0,0,1
BRDA:15,0,1,1
BRDA:48,1,0,1
BRDA:48,1,1,2
BRDA:53,2,0,1
BRDA:53,2,1,1
BRF:6
BRH:6
end_of_record
TN:
SF:controllers\searchController.js
FN:6,(anonymous_0)
FN:27,(anonymous_1)
FN:206,(anonymous_2)
FNF:3
FNH:3
FNDA:6,(anonymous_0)
FNDA:4,(anonymous_1)
FNDA:2,(anonymous_2)
DA:2,2
DA:3,2
DA:6,2
DA:7,6
DA:8,6
DA:11,6
DA:12,6
DA:13,6
DA:15,6
DA:16,2
DA:20,4
DA:23,4
DA:27,4
DA:32,3
DA:34,1
DA:58,1
DA:64,1
DA:93,2
DA:95,1
DA:111,1
DA:114,1
DA:133,1
DA:156,1
DA:159,1
DA:186,3
DA:189,3
DA:190,3
DA:200,1
DA:201,1
DA:206,2
DA:207,2
DA:209,2
DA:210,2
DA:211,2
DA:213,2
DA:216,2
DA:222,1
DA:223,1
DA:226,1
DA:238,1
DA:245,1
DA:246,1
DA:256,1
DA:257,1
DA:261,2
LF:45
LH:45
BRDA:11,0,0,6
BRDA:11,0,1,3
BRDA:12,1,0,6
BRDA:12,1,1,3
BRDA:15,2,0,2
BRDA:15,2,1,4
BRDA:15,3,0,6
BRDA:15,3,1,5
BRDA:32,4,0,1
BRDA:32,4,1,2
BRDA:56,5,0,1
BRDA:56,5,1,0
BRDA:88,6,0,1
BRDA:88,6,1,0
BRDA:93,7,0,1
BRDA:93,7,1,1
BRDA:209,8,0,2
BRDA:209,8,1,1
BRDA:210,9,0,2
BRDA:210,9,1,1
BRDA:240,10,0,1
BRDA:240,10,1,0
BRF:22
BRH:19
end_of_record
TN:
SF:controllers\templateController.js
FN:5,(anonymous_0)
FN:23,(anonymous_1)
FN:28,(anonymous_2)
FN:40,(anonymous_3)
FN:52,(anonymous_4)
FN:87,(anonymous_5)
FN:112,(anonymous_6)
FN:148,(anonymous_7)
FN:186,(anonymous_8)
FN:222,(anonymous_9)
FNF:10
FNH:10
FNDA:4,(anonymous_0)
FNDA:4,(anonymous_1)
FNDA:3,(anonymous_2)
FNDA:4,(anonymous_3)
FNDA:4,(anonymous_4)
FNDA:4,(anonymous_5)
FNDA:2,(anonymous_6)
FNDA:4,(anonymous_7)
FNDA:2,(anonymous_8)
FNDA:3,(anonymous_9)
DA:1,1
DA:2,1
DA:5,1
DA:6,4
DA:8,4
DA:15,3
DA:18,3
DA:23,4
DA:27,3
DA:28,3
DA:29,3
DA:30,2
DA:32,3
DA:40,3
DA:41,4
DA:44,3
DA:46,1
DA:47,1
DA:52,1
DA:53,4
DA:54,4
DA:57,4
DA:62,3
DA:63,1
DA:66,2
DA:69,2
DA:77,2
DA:79,2
DA:81,1
DA:82,1
DA:87,1
DA:88,4
DA:90,4
DA:91,4
DA:93,3
DA:95,3
DA:96,1
DA:100,2
DA:108,2
DA:111,2
DA:112,1
DA:113,2
DA:116,1
DA:122,1
DA:130,1
DA:132,1
DA:135,2
DA:137,2
DA:139,1
DA:140,1
DA:141,1
DA:143,4
DA:148,1
DA:149,4
DA:151,4
DA:152,4
DA:154,3
DA:155,3
DA:158,3
DA:163,3
DA:164,1
DA:168,2
DA:176,2
DA:179,2
DA:185,2
DA:186,1
DA:187,2
DA:190,1
DA:196,1
DA:204,1
DA:206,1
DA:209,2
DA:211,2
DA:213,1
DA:214,1
DA:215,1
DA:217,4
DA:222,1
DA:223,3
DA:225,3
DA:226,3
DA:228,3
DA:231,3
DA:236,2
DA:237,1
DA:241,1
DA:247,1
DA:252,1
DA:254,1
DA:256,1
DA:257,1
DA:258,1
DA:260,3
DA:264,1
LF:94
LH:94
BRDA:29,0,0,2
BRDA:29,0,1,1
BRDA:41,1,0,4
BRDA:41,1,1,2
BRDA:62,2,0,1
BRDA:62,2,1,2
BRDA:95,3,0,1
BRDA:95,3,1,2
BRDA:95,4,0,3
BRDA:95,4,1,2
BRDA:95,4,2,2
BRDA:111,5,0,1
BRDA:111,5,1,1
BRDA:111,6,0,2
BRDA:111,6,1,1
BRDA:163,7,0,1
BRDA:163,7,1,2
BRDA:185,8,0,1
BRDA:185,8,1,1
BRDA:185,9,0,2
BRDA:185,9,1,2
BRDA:236,10,0,1
BRDA:236,10,1,1
BRF:23
BRH:23
end_of_record
TN:
SF:middleware\auth.js
FN:6,(anonymous_0)
FN:24,(anonymous_1)
FNF:2
FNH:2
FNDA:14,(anonymous_0)
FNDA:7,(anonymous_1)
DA:2,2
DA:3,2
DA:6,2
DA:7,14
DA:8,14
DA:10,14
DA:11,3
DA:14,11
DA:15,11
DA:16,10
DA:17,10
DA:19,1
DA:24,2
DA:25,7
DA:26,2
DA:28,5
DA:31,2
LF:17
LH:17
BRDA:3,0,0,2
BRDA:3,0,1,2
BRDA:8,1,0,14
BRDA:8,1,1,11
BRDA:10,2,0,3
BRDA:10,2,1,11
BRDA:25,3,0,2
BRDA:25,3,1,5
BRF:8
BRH:8
end_of_record
TN:
SF:routes\auth.js
FN:10,(anonymous_0)
FN:22,(anonymous_1)
FN:47,(anonymous_2)
FN:88,(anonymous_3)
FN:109,authenticateToken
FN:113,(anonymous_5)
FN:121,(anonymous_6)
FNF:7
FNH:7
FNDA:2,(anonymous_0)
FNDA:6,(anonymous_1)
FNDA:6,(anonymous_2)
FNDA:2,(anonymous_3)
FNDA:5,authenticateToken
FNDA:4,(anonymous_5)
FNDA:3,(anonymous_6)
DA:1,1
DA:2,1
DA:3,1
DA:4,1
DA:5,1
DA:7,1
DA:10,1
DA:11,2
DA:13,2
DA:14,1
DA:16,1
DA:17,1
DA:22,1
DA:23,6
DA:24,6
DA:25,2
DA:27,4
DA:28,4
DA:29,3
DA:30,1
DA:32,2
DA:33,2
DA:34,2
DA:35,1
DA:38,1
DA:39,1
DA:41,1
DA:42,1
DA:47,1
DA:48,6
DA:49,6
DA:50,1
DA:52,5
DA:53,1
DA:56,4
DA:58,4
DA:61,4
DA:62,4
DA:63,1
DA:64,1
DA:68,3
DA:71,3
DA:76,2
DA:79,2
DA:80,2
DA:86,2
DA:88,2
DA:89,1
DA:91,1
DA:98,2
DA:100,2
DA:102,1
DA:103,1
DA:104,1
DA:110,5
DA:111,5
DA:112,5
DA:113,4
DA:114,4
DA:115,3
DA:116,3
DA:121,1
DA:122,3
DA:123,3
DA:124,2
DA:125,1
DA:127,1
DA:129,1
DA:133,1
LF:69
LH:69
BRDA:7,0,0,1
BRDA:7,0,1,1
BRDA:24,1,0,2
BRDA:24,1,1,4
BRDA:24,2,0,6
BRDA:24,2,1,5
BRDA:29,3,0,1
BRDA:29,3,1,2
BRDA:34,4,0,1
BRDA:34,4,1,1
BRDA:49,5,0,1
BRDA:49,5,1,5
BRDA:49,6,0,6
BRDA:49,6,1,6
BRDA:49,6,2,6
BRDA:49,6,3,5
BRDA:52,7,0,1
BRDA:52,7,1,4
BRDA:62,8,0,1
BRDA:62,8,1,3
BRDA:79,9,0,2
BRDA:79,9,1,0
BRDA:86,10,0,1
BRDA:86,10,1,1
BRDA:86,11,0,2
BRDA:86,11,1,1
BRDA:111,12,0,5
BRDA:111,12,1,4
BRDA:112,13,0,1
BRDA:112,13,1,4
BRDA:114,14,0,1
BRDA:114,14,1,3
BRDA:124,15,0,1
BRDA:124,15,1,1
BRF:34
BRH:33
end_of_record
TN:
SF:routes\favorites.js
FN:9,authenticateToken
FN:13,(anonymous_1)
FN:21,(anonymous_2)
FN:34,(anonymous_3)
FN:51,(anonymous_4)
FNF:5
FNH:5
FNDA:5,authenticateToken
FNDA:4,(anonymous_1)
FNDA:1,(anonymous_2)
FNDA:2,(anonymous_3)
FNDA:1,(anonymous_4)
DA:1,1
DA:2,1
DA:3,1
DA:4,1
DA:6,1
DA:10,5
DA:11,5
DA:12,5
DA:13,4
DA:14,4
DA:15,4
DA:16,4
DA:21,1
DA:22,1
DA:23,1
DA:27,1
DA:29,0
DA:34,1
DA:35,2
DA:36,2
DA:37,1
DA:39,1
DA:40,1
DA:44,1
DA:46,0
DA:51,1
DA:52,1
DA:53,1
DA:54,1
DA:58,1
DA:60,0
DA:64,1
LF:32
LH:29
BRDA:6,0,0,1
BRDA:6,0,1,1
BRDA:11,1,0,5
BRDA:11,1,1,4
BRDA:12,2,0,1
BRDA:12,2,1,4
BRDA:14,3,0,0
BRDA:14,3,1,4
BRDA:36,4,0,1
BRDA:36,4,1,1
BRF:10
BRH:9
end_of_record
TN:
SF:routes\notifications.js
FNF:0
FNH:0
DA:2,1
DA:3,1
DA:4,1
DA:5,1
DA:6,1
DA:7,1
DA:8,1
DA:9,1
DA:12,1
DA:13,1
DA:16,1
DA:17,1
DA:20,1
DA:21,1
DA:24,1
DA:25,1
DA:26,1
DA:27,1
DA:28,1
DA:29,1
DA:32,1
DA:33,1
DA:35,1
LF:23
LH:23
BRF:0
BRH:0
end_of_record
TN:
SF:utils\dateFormatter.js
FN:4,(anonymous_0)
FN:7,(anonymous_1)
FNF:2
FNH:2
FNDA:5,(anonymous_0)
FNDA:2,(anonymous_1)
DA:4,2
DA:6,5
DA:7,1
DA:8,2
DA:9,2
DA:11,2
DA:16,4
DA:17,1
DA:19,4
DA:22,2
LF:10
LH:10
BRDA:6,0,0,1
BRDA:6,0,1,4
BRDA:8,1,0,2
BRDA:8,1,1,0
BRDA:16,2,0,1
BRDA:16,2,1,3
BRDA:16,3,0,4
BRDA:16,3,1,2
BRF:8
BRH:7
end_of_record
